<?xml version="1.0" encoding="UTF-8"?>
<!-- Generated by org.testng.reporters.JUnitXMLReporter -->
<testsuite hostname="ATMECSINLT-085" ignored="0" name="Default test" tests="2" failures="0" timestamp="09 Oct 2019 15:52:20 GMT" time="40.326" errors="0">
  <testcase name="validateHeroImage" time="0.16" classname="com.atmecs.konakart.testscripts.HeroImage"/>
  <testcase name="validateHeroImage" time="24.53" classname="com.atmecs.konakart.testscripts.HeroImage"/>
</testsuite> <!-- Default test -->
