<?xml version="1.0" encoding="UTF-8"?>
<!-- Generated by org.testng.reporters.JUnitXMLReporter -->
<testsuite hostname="ATMECSINLT-085" ignored="0" name="Test" tests="7" failures="3" timestamp="09 Oct 2019 15:53:35 GMT" time="39.283" errors="0">
  <testcase name="validateKonakart" time="8.365" classname="com.atmecs.konakart.testscripts.WelcomePage">
    <failure type="java.lang.ArrayIndexOutOfBoundsException" message="3">
      <![CDATA[java.lang.ArrayIndexOutOfBoundsException: 3
at com.atmecs.konakart.pages.KonakartPage.recursiveMethod(KonakartPage.java:35)
at com.atmecs.konakart.pages.KonakartPage.konakartValidate(KonakartPage.java:21)
at com.atmecs.konakart.testscripts.WelcomePage.validateKonakart(WelcomePage.java:36)
... Removed 26 stack frames]]>
    </failure>
  </testcase> <!-- validateKonakart -->
  <testcase name="validateKonakart" time="2.348" classname="com.atmecs.konakart.testscripts.WelcomePage"/>
  <testcase name="validateKonakart" time="2.37" classname="com.atmecs.konakart.testscripts.WelcomePage"/>
  <testcase name="validateKonakart" time="2.38" classname="com.atmecs.konakart.testscripts.WelcomePage">
    <failure type="java.lang.ArrayIndexOutOfBoundsException" message="3">
      <![CDATA[java.lang.ArrayIndexOutOfBoundsException: 3
at com.atmecs.konakart.pages.KonakartPage.recursiveMethod(KonakartPage.java:35)
at com.atmecs.konakart.pages.KonakartPage.konakartValidate(KonakartPage.java:21)
at com.atmecs.konakart.testscripts.WelcomePage.validateKonakart(WelcomePage.java:36)
... Removed 26 stack frames]]>
    </failure>
  </testcase> <!-- validateKonakart -->
  <testcase name="validateKonakart" time="2.448" classname="com.atmecs.konakart.testscripts.WelcomePage"/>
  <testcase name="validateKonakart" time="2.408" classname="com.atmecs.konakart.testscripts.WelcomePage">
    <failure type="java.lang.ArrayIndexOutOfBoundsException" message="3">
      <![CDATA[java.lang.ArrayIndexOutOfBoundsException: 3
at com.atmecs.konakart.pages.KonakartPage.recursiveMethod(KonakartPage.java:35)
at com.atmecs.konakart.pages.KonakartPage.konakartValidate(KonakartPage.java:21)
at com.atmecs.konakart.testscripts.WelcomePage.validateKonakart(WelcomePage.java:36)
... Removed 26 stack frames]]>
    </failure>
  </testcase> <!-- validateKonakart -->
  <testcase name="validateKonakart" time="2.637" classname="com.atmecs.konakart.testscripts.WelcomePage"/>
</testsuite> <!-- Test -->
